<?xml version="1.0" encoding="UTF-8"?>
<coverage generated="1538569723671" clover="3.2.0">
  <project timestamp="1538569723671" name="All files">
    <metrics statements="7" coveredstatements="1" conditionals="0" coveredconditionals="0" methods="2" coveredmethods="1" elements="9" coveredelements="2" complexity="0" loc="7" ncloc="7" packages="2" files="3" classes="3">
      <package name="src">
        <metrics statements="6" coveredstatements="0" conditionals="0" coveredconditionals="0" methods="1" coveredmethods="0"/>
        <file name="App.vue" path="/Users/joachimhummel/Sites/vuetest/src/App.vue">
          <metrics statements="1" coveredstatements="0" conditionals="0" coveredconditionals="0" methods="0" coveredmethods="0"/>
          <line num="9" count="0" type="stmt"/>
        </file>
        <file name="main.js" path="/Users/joachimhummel/Sites/vuetest/src/main.js">
          <metrics statements="5" coveredstatements="0" conditionals="0" coveredconditionals="0" methods="1" coveredmethods="0"/>
          <line num="1" count="0" type="stmt"/>
          <line num="2" count="0" type="stmt"/>
          <line num="4" count="0" type="stmt"/>
          <line num="6" count="0" type="stmt"/>
          <line num="7" count="0" type="stmt"/>
        </file>
      </package>
      <package name="src.components">
        <metrics statements="1" coveredstatements="1" conditionals="0" coveredconditionals="0" methods="1" coveredmethods="1"/>
        <file name="compone.vue" path="/Users/joachimhummel/Sites/vuetest/src/components/compone.vue">
          <metrics statements="1" coveredstatements="1" conditionals="0" coveredconditionals="0" methods="1" coveredmethods="1"/>
          <line num="40" count="1" type="stmt"/>
        </file>
      </package>
    </metrics>
  </project>
</coverage>
